TN:
SF:src/adapters/controllers/EventosController.ts
FN:7,(anonymous_8)
FN:7,(anonymous_9)
FN:20,(anonymous_10)
FN:20,(anonymous_11)
FN:30,(anonymous_12)
FN:30,(anonymous_13)
FNF:6
FNH:6
FNDA:2,(anonymous_8)
FNDA:2,(anonymous_9)
FNDA:1,(anonymous_10)
FNDA:1,(anonymous_11)
FNDA:3,(anonymous_12)
FNDA:3,(anonymous_13)
DA:2,1
DA:3,1
DA:7,2
DA:8,2
DA:9,2
DA:10,2
DA:11,1
DA:13,1
DA:20,1
DA:21,1
DA:22,1
DA:23,1
DA:25,0
DA:30,3
DA:31,3
DA:33,3
DA:34,3
DA:36,0
DA:37,0
DA:38,0
DA:39,0
DA:41,0
DA:43,0
LF:23
LH:16
BRDA:33,0,0,3
BRDA:38,1,0,0
BRF:2
BRH:1
end_of_record
TN:
SF:src/adapters/controllers/usuarioController.ts
FN:7,(anonymous_8)
FN:7,(anonymous_9)
FN:19,(anonymous_10)
FN:19,(anonymous_11)
FN:35,(anonymous_12)
FN:35,(anonymous_13)
FN:45,(anonymous_14)
FN:45,(anonymous_15)
FN:59,(anonymous_16)
FN:59,(anonymous_17)
FN:62,(anonymous_18)
FN:74,(anonymous_19)
FN:85,(anonymous_20)
FN:85,(anonymous_21)
FNF:14
FNH:2
FNDA:2,(anonymous_8)
FNDA:2,(anonymous_9)
FNDA:0,(anonymous_10)
FNDA:0,(anonymous_11)
FNDA:0,(anonymous_12)
FNDA:0,(anonymous_13)
FNDA:0,(anonymous_14)
FNDA:0,(anonymous_15)
FNDA:0,(anonymous_16)
FNDA:0,(anonymous_17)
FNDA:0,(anonymous_18)
FNDA:0,(anonymous_19)
FNDA:0,(anonymous_20)
FNDA:0,(anonymous_21)
DA:3,1
DA:4,1
DA:7,2
DA:8,2
DA:9,2
DA:10,2
DA:11,1
DA:12,1
DA:14,1
DA:19,1
DA:20,0
DA:21,0
DA:22,0
DA:23,0
DA:24,0
DA:26,0
DA:27,0
DA:29,0
DA:35,1
DA:36,0
DA:37,0
DA:38,0
DA:40,0
DA:45,1
DA:46,0
DA:47,0
DA:48,0
DA:49,0
DA:50,0
DA:52,0
DA:54,0
DA:59,1
DA:60,0
DA:61,0
DA:62,0
DA:64,0
DA:65,0
DA:68,0
DA:69,0
DA:70,0
DA:71,0
DA:74,0
DA:75,0
DA:77,0
DA:78,0
DA:80,0
DA:85,1
DA:86,0
DA:87,0
DA:88,0
DA:89,0
DA:91,0
DA:93,0
LF:53
LH:14
BRDA:11,0,0,1
BRDA:11,0,1,1
BRDA:23,1,0,0
BRDA:23,2,0,0
BRDA:23,2,1,0
BRDA:26,3,0,0
BRDA:26,3,1,0
BRDA:49,4,0,0
BRDA:64,5,0,0
BRDA:70,6,0,0
BRDA:88,7,0,0
BRF:11
BRH:2
end_of_record
TN:
SF:src/domain/models/eventos.ts
FNF:0
FNH:0
DA:2,1
DA:18,1
DA:57,1
DA:59,1
LF:4
LH:4
BRF:0
BRH:0
end_of_record
TN:
SF:src/domain/models/usuario.ts
FNF:0
FNH:0
DA:1,1
DA:12,1
DA:33,1
DA:35,1
LF:4
LH:4
BRF:0
BRH:0
end_of_record
